# JRE version: OpenJDK Runtime Environment (21.0.10) (build 21.0.10+-14961533-b1163.108)
# Java VM: OpenJDK 64-Bit Server VM (21.0.10+-14961533-b1163.108, mixed mode, tiered, compressed oops, compressed class ptrs, g1 gc, windows-amd64)
GC Precious Log:
 CardTable entry size: 512
 Card Set container configuration: InlinePtr #cards 5 size 8 Array Of Cards #cards 12 size 40 Howl #buckets 4 coarsen threshold 1843 Howl Bitmap #cards 512 size 80 coarsen threshold 460 Card regions per heap region 1 cards per card region 2048
 CPUs: 4 total, 4 available
 Memory: 3939M
 Large Page Support: Disabled
 NUMA Support: Disabled
 Compressed Oops: Enabled (32-bit)
 Heap Region Size: 1M
 Heap Min Capacity: 8M
 Heap Initial Capacity: 62M
 Heap Max Capacity: 2G
 Pre-touch: Disabled
 Parallel Workers: 4
 Concurrent Workers: 1
 Concurrent Refinement Workers: 4
 Periodic GC: Disabled
Heap:
 garbage-first heap   total 96256K, used 59317K [0x0000000080000000, 0x0000000100000000)
  region size 1024K, 4 young (4096K), 3 survivors (3072K)
 Metaspace       used 64159K, committed 65728K, reserved 1114112K
  class space    used 9000K, committed 9728K, reserved 1048576K
GC Heap History (20 events):
Event: 53.631 GC heap before
{Heap before GC invocations=20 (full 0):
 garbage-first heap   total 63488K, used 58066K [0x0000000080000000, 0x0000000100000000)
  region size 1024K, 24 young (24576K), 3 survivors (3072K)
 Metaspace       used 54160K, committed 55488K, reserved 1114112K
  class space    used 7605K, committed 8192K, reserved 1048576K
}
Event: 53.642 GC heap after
{Heap after GC invocations=21 (full 0):
 garbage-first heap   total 63488K, used 37155K [0x0000000080000000, 0x0000000100000000)
  region size 1024K, 3 young (3072K), 3 survivors (3072K)
 Metaspace       used 54160K, committed 55488K, reserved 1114112K
  class space    used 7605K, committed 8192K, reserved 1048576K
}
Event: 54.698 GC heap before
{Heap before GC invocations=21 (full 0):
 garbage-first heap   total 63488K, used 57635K [0x0000000080000000, 0x0000000100000000)
  region size 1024K, 23 young (23552K), 3 survivors (3072K)
 Metaspace       used 56947K, committed 58304K, reserved 1114112K
  class space    used 7924K, committed 8576K, reserved 1048576K
}
Event: 54.706 GC heap after
{Heap after GC invocations=22 (full 0):
 garbage-first heap   total 63488K, used 39026K [0x0000000080000000, 0x0000000100000000)
  region size 1024K, 3 young (3072K), 3 survivors (3072K)
 Metaspace       used 56947K, committed 58304K, reserved 1114112K
  class space    used 7924K, committed 8576K, reserved 1048576K
}
Event: 56.210 GC heap before
{Heap before GC invocations=23 (full 0):
 garbage-first heap   total 66560K, used 57458K [0x0000000080000000, 0x0000000100000000)
  region size 1024K, 21 young (21504K), 3 survivors (3072K)
 Metaspace       used 59254K, committed 60736K, reserved 1114112K
  class space    used 8288K, committed 9024K, reserved 1048576K
}
Event: 56.216 GC heap after
{Heap after GC invocations=24 (full 0):
 garbage-first heap   total 66560K, used 40309K [0x0000000080000000, 0x0000000100000000)
  region size 1024K, 2 young (2048K), 2 survivors (2048K)
 Metaspace       used 59254K, committed 60736K, reserved 1114112K
  class space    used 8288K, committed 9024K, reserved 1048576K
}
Event: 57.185 GC heap before
{Heap before GC invocations=24 (full 0):
 garbage-first heap   total 66560K, used 60789K [0x0000000080000000, 0x0000000100000000)
  region size 1024K, 22 young (22528K), 2 survivors (2048K)
 Metaspace       used 61647K, committed 63168K, reserved 1114112K
  class space    used 8699K, committed 9408K, reserved 1048576K
}
Event: 57.190 GC heap after
{Heap after GC invocations=25 (full 0):
 garbage-first heap   total 66560K, used 41164K [0x0000000080000000, 0x0000000100000000)
  region size 1024K, 3 young (3072K), 3 survivors (3072K)
 Metaspace       used 61647K, committed 63168K, reserved 1114112K
  class space    used 8699K, committed 9408K, reserved 1048576K
}
Event: 59.625 GC heap before
{Heap before GC invocations=25 (full 0):
 garbage-first heap   total 66560K, used 60620K [0x0000000080000000, 0x0000000100000000)
  region size 1024K, 23 young (23552K), 3 survivors (3072K)
 Metaspace       used 62660K, committed 64192K, reserved 1114112K
  class space    used 8861K, committed 9600K, reserved 1048576K
}
Event: 59.642 GC heap after
{Heap after GC invocations=26 (full 0):
 garbage-first heap   total 70656K, used 46620K [0x0000000080000000, 0x0000000100000000)
  region size 1024K, 3 young (3072K), 3 survivors (3072K)
 Metaspace       used 62660K, committed 64192K, reserved 1114112K
  class space    used 8861K, committed 9600K, reserved 1048576K
}
Event: 61.773 GC heap before
{Heap before GC invocations=27 (full 0):
 garbage-first heap   total 78848K, used 60956K [0x0000000080000000, 0x0000000100000000)
  region size 1024K, 18 young (18432K), 3 survivors (3072K)
 Metaspace       used 62779K, committed 64320K, reserved 1114112K
  class space    used 8863K, committed 9600K, reserved 1048576K
}
Event: 61.784 GC heap after
{Heap after GC invocations=28 (full 0):
 garbage-first heap   total 78848K, used 50348K [0x0000000080000000, 0x0000000100000000)
  region size 1024K, 3 young (3072K), 3 survivors (3072K)
 Metaspace       used 62779K, committed 64320K, reserved 1114112K
  class space    used 8863K, committed 9600K, reserved 1048576K
}
Event: 61.979 GC heap before
{Heap before GC invocations=28 (full 0):
 garbage-first heap   total 78848K, used 65708K [0x0000000080000000, 0x0000000100000000)
  region size 1024K, 19 young (19456K), 3 survivors (3072K)
 Metaspace       used 62798K, committed 64320K, reserved 1114112K
  class space    used 8863K, committed 9600K, reserved 1048576K
}
Event: 61.990 GC heap after
{Heap after GC invocations=29 (full 0):
 garbage-first heap   total 78848K, used 52460K [0x0000000080000000, 0x0000000100000000)
  region size 1024K, 3 young (3072K), 3 survivors (3072K)
 Metaspace       used 62798K, committed 64320K, reserved 1114112K
  class space    used 8863K, committed 9600K, reserved 1048576K
}
Event: 65.003 GC heap before
{Heap before GC invocations=29 (full 0):
 garbage-first heap   total 78848K, used 65772K [0x0000000080000000, 0x0000000100000000)
  region size 1024K, 18 young (18432K), 3 survivors (3072K)
 Metaspace       used 63053K, committed 64576K, reserved 1114112K
  class space    used 8884K, committed 9600K, reserved 1048576K
}
Event: 65.010 GC heap after
{Heap after GC invocations=30 (full 0):
 garbage-first heap   total 78848K, used 54390K [0x0000000080000000, 0x0000000100000000)
  region size 1024K, 2 young (2048K), 2 survivors (2048K)
 Metaspace       used 63053K, committed 64576K, reserved 1114112K
  class space    used 8884K, committed 9600K, reserved 1048576K
}
Event: 66.611 GC heap before
{Heap before GC invocations=31 (full 0):
 garbage-first heap   total 96256K, used 70774K [0x0000000080000000, 0x0000000100000000)
  region size 1024K, 17 young (17408K), 2 survivors (2048K)
 Metaspace       used 63526K, committed 65024K, reserved 1114112K
  class space    used 8946K, committed 9664K, reserved 1048576K
}
Event: 66.620 GC heap after
{Heap after GC invocations=32 (full 0):
 garbage-first heap   total 96256K, used 57885K [0x0000000080000000, 0x0000000100000000)
  region size 1024K, 3 young (3072K), 3 survivors (3072K)
 Metaspace       used 63526K, committed 65024K, reserved 1114112K
  class space    used 8946K, committed 9664K, reserved 1048576K
}
Event: 66.868 GC heap before
{Heap before GC invocations=32 (full 0):
 garbage-first heap   total 96256K, used 80413K [0x0000000080000000, 0x0000000100000000)
  region size 1024K, 25 young (25600K), 3 survivors (3072K)
 Metaspace       used 63576K, committed 65088K, reserved 1114112K
  class space    used 8946K, committed 9664K, reserved 1048576K
}
Event: 66.876 GC heap after
{Heap after GC invocations=33 (full 0):
 garbage-first heap   total 96256K, used 57658K [0x0000000080000000, 0x0000000100000000)
  region size 1024K, 3 young (3072K), 3 survivors (3072K)
 Metaspace       used 63576K, committed 65088K, reserved 1114112K
  class space    used 8946K, committed 9664K, reserved 1048576K
}

